c:\users\user\desktop\github\2024_aie_graphics\aiebootstrap-2024\temp\graphics\x64\release\vc143.pdb
c:\users\user\desktop\github\2024_aie_graphics\aiebootstrap-2024\temp\graphics\x64\release\transform.obj
c:\users\user\desktop\github\2024_aie_graphics\aiebootstrap-2024\temp\graphics\x64\release\simplecamera.obj
c:\users\user\desktop\github\2024_aie_graphics\aiebootstrap-2024\temp\graphics\x64\release\shader.obj
c:\users\user\desktop\github\2024_aie_graphics\aiebootstrap-2024\temp\graphics\x64\release\stationarycamera.obj
c:\users\user\desktop\github\2024_aie_graphics\aiebootstrap-2024\temp\graphics\x64\release\simpleobjects.obj
c:\users\user\desktop\github\2024_aie_graphics\aiebootstrap-2024\temp\graphics\x64\release\scene.obj
c:\users\user\desktop\github\2024_aie_graphics\aiebootstrap-2024\temp\graphics\x64\release\rendertarget.obj
c:\users\user\desktop\github\2024_aie_graphics\aiebootstrap-2024\temp\graphics\x64\release\planet.obj
c:\users\user\desktop\github\2024_aie_graphics\aiebootstrap-2024\temp\graphics\x64\release\particleemitter.obj
c:\users\user\desktop\github\2024_aie_graphics\aiebootstrap-2024\temp\graphics\x64\release\orbitalcamera.obj
c:\users\user\desktop\github\2024_aie_graphics\aiebootstrap-2024\temp\graphics\x64\release\objmesh.obj
c:\users\user\desktop\github\2024_aie_graphics\aiebootstrap-2024\temp\graphics\x64\release\mesh.obj
c:\users\user\desktop\github\2024_aie_graphics\aiebootstrap-2024\temp\graphics\x64\release\main.obj
c:\users\user\desktop\github\2024_aie_graphics\aiebootstrap-2024\temp\graphics\x64\release\lights.obj
c:\users\user\desktop\github\2024_aie_graphics\aiebootstrap-2024\temp\graphics\x64\release\instance.obj
c:\users\user\desktop\github\2024_aie_graphics\aiebootstrap-2024\temp\graphics\x64\release\graphicsapp.obj
c:\users\user\desktop\github\2024_aie_graphics\aiebootstrap-2024\temp\graphics\x64\release\gameobject.obj
c:\users\user\desktop\github\2024_aie_graphics\aiebootstrap-2024\temp\graphics\x64\release\flycamera.obj
c:\users\user\desktop\github\2024_aie_graphics\aiebootstrap-2024\temp\graphics\x64\release\basecamera.obj
c:\users\user\desktop\github\2024_aie_graphics\aiebootstrap-2024\temp\graphics\x64\release\graphics.exe
c:\users\user\desktop\github\2024_aie_graphics\aiebootstrap-2024\temp\graphics\x64\release\graphics.pdb
c:\users\user\desktop\github\2024_aie_graphics\aiebootstrap-2024\temp\graphics\x64\release\graphics.ipdb
c:\users\user\desktop\github\2024_aie_graphics\aiebootstrap-2024\temp\graphics\x64\release\graphics.iobj
c:\users\user\desktop\github\2024_aie_graphics\aiebootstrap-2024\temp\graphics\x64\release\graphics.vcxproj.filelistabsolute.txt
c:\users\user\desktop\github\2024_aie_graphics\aiebootstrap-2024\temp\graphics\x64\release\graphics.tlog\cl.command.1.tlog
c:\users\user\desktop\github\2024_aie_graphics\aiebootstrap-2024\temp\graphics\x64\release\graphics.tlog\cl.items.tlog
c:\users\user\desktop\github\2024_aie_graphics\aiebootstrap-2024\temp\graphics\x64\release\graphics.tlog\cl.read.1.tlog
c:\users\user\desktop\github\2024_aie_graphics\aiebootstrap-2024\temp\graphics\x64\release\graphics.tlog\cl.write.1.tlog
c:\users\user\desktop\github\2024_aie_graphics\aiebootstrap-2024\temp\graphics\x64\release\graphics.tlog\link.command.1.tlog
c:\users\user\desktop\github\2024_aie_graphics\aiebootstrap-2024\temp\graphics\x64\release\graphics.tlog\link.read.1.tlog
c:\users\user\desktop\github\2024_aie_graphics\aiebootstrap-2024\temp\graphics\x64\release\graphics.tlog\link.secondary.1.tlog
c:\users\user\desktop\github\2024_aie_graphics\aiebootstrap-2024\temp\graphics\x64\release\graphics.tlog\link.write.1.tlog
