  BaseCamera.cpp
  FlyCamera.cpp
C:\Users\s220493\Desktop\Github\2024_AIE_Graphics\aieBootstrap-2024\Graphics\FlyCamera.cpp(45,11): warning C4244: 'initializing': conversion from 'int' to 'float', possible loss of data
C:\Users\s220493\Desktop\Github\2024_AIE_Graphics\aieBootstrap-2024\Graphics\FlyCamera.cpp(46,11): warning C4244: 'initializing': conversion from 'int' to 'float', possible loss of data
  GameObject.cpp
  GraphicsApp.cpp
C:\Users\s220493\Desktop\Github\2024_AIE_Graphics\aieBootstrap-2024\Graphics\Scene.h(42,26): warning C4267: 'return': conversion from 'size_t' to 'int', possible loss of data
C:\Users\s220493\Desktop\Github\2024_AIE_Graphics\aieBootstrap-2024\Graphics\GraphicsApp.cpp(48,62): warning C4244: 'argument': conversion from 'unsigned int' to 'float', possible loss of data
C:\Users\s220493\Desktop\Github\2024_AIE_Graphics\aieBootstrap-2024\Graphics\GraphicsApp.cpp(48,43): warning C4244: 'argument': conversion from 'unsigned int' to 'float', possible loss of data
C:\Users\s220493\Desktop\Github\2024_AIE_Graphics\aieBootstrap-2024\Graphics\GraphicsApp.cpp(112,72): warning C4244: 'argument': conversion from 'float' to 'unsigned int', possible loss of data
C:\Users\s220493\Desktop\Github\2024_AIE_Graphics\aieBootstrap-2024\Graphics\GraphicsApp.cpp(115,30): warning C4244: '=': conversion from 'unsigned int' to 'float', possible loss of data
C:\Users\s220493\Desktop\Github\2024_AIE_Graphics\aieBootstrap-2024\Graphics\GraphicsApp.cpp(119,43): warning C4244: 'argument': conversion from 'unsigned int' to 'float', possible loss of data
C:\Users\s220493\Desktop\Github\2024_AIE_Graphics\aieBootstrap-2024\Graphics\GraphicsApp.cpp(229,75): warning C4244: 'argument': conversion from 'float' to 'unsigned int', possible loss of data
  Instance.cpp
C:\Users\s220493\Desktop\Github\2024_AIE_Graphics\aieBootstrap-2024\Graphics\Scene.h(42,26): warning C4267: 'return': conversion from 'size_t' to 'int', possible loss of data
C:\Users\s220493\Desktop\Github\2024_AIE_Graphics\aieBootstrap-2024\Graphics\Instance.cpp(93,58): warning C4244: 'argument': conversion from 'float' to 'ImGuiInputTextFlags', possible loss of data
C:\Users\s220493\Desktop\Github\2024_AIE_Graphics\aieBootstrap-2024\Graphics\Instance.cpp(93,52): warning C4244: 'argument': conversion from 'float' to 'int', possible loss of data
  Lights.cpp
  main.cpp
  Mesh.cpp
  OBJMesh.cpp
  OrbitalCamera.cpp
  ParticleEmitter.cpp
  Planet.cpp
  RenderTarget.cpp
  Scene.cpp
C:\Users\s220493\Desktop\Github\2024_AIE_Graphics\aieBootstrap-2024\Graphics\Scene.h(42,26): warning C4267: 'return': conversion from 'size_t' to 'int', possible loss of data
C:\Users\s220493\Desktop\Github\2024_AIE_Graphics\aieBootstrap-2024\Graphics\Scene.cpp(50,38): warning C4267: 'initializing': conversion from 'size_t' to 'int', possible loss of data
  SimpleObjects.cpp
C:\Users\s220493\Desktop\Github\2024_AIE_Graphics\aieBootstrap-2024\Graphics\Scene.h(42,26): warning C4267: 'return': conversion from 'size_t' to 'int', possible loss of data
C:\Users\s220493\Desktop\Github\2024_AIE_Graphics\aieBootstrap-2024\Graphics\SimpleObjects.cpp(63,58): warning C4244: 'argument': conversion from 'float' to 'ImGuiInputTextFlags', possible loss of data
C:\Users\s220493\Desktop\Github\2024_AIE_Graphics\aieBootstrap-2024\Graphics\SimpleObjects.cpp(63,52): warning C4244: 'argument': conversion from 'float' to 'int', possible loss of data
  StationaryCamera.cpp
  Shader.cpp
  SimpleCamera.cpp
C:\Users\s220493\Desktop\Github\2024_AIE_Graphics\aieBootstrap-2024\Graphics\SimpleCamera.cpp(58,11): warning C4244: 'initializing': conversion from 'int' to 'float', possible loss of data
C:\Users\s220493\Desktop\Github\2024_AIE_Graphics\aieBootstrap-2024\Graphics\SimpleCamera.cpp(59,11): warning C4244: 'initializing': conversion from 'int' to 'float', possible loss of data
  Transform.cpp
  Generating Code...
LINK : warning LNK4098: defaultlib 'MSVCRT' conflicts with use of other libs; use /NODEFAULTLIB:library
  Graphics.vcxproj -> C:\Users\s220493\Desktop\Github\2024_AIE_Graphics\aieBootstrap-2024\temp\Graphics\x64\Debug\Graphics.exe
